train loss:0.6719748019189625
train acc:0.6059541420622186
valid loss:0.670609893368893
valid acc:0.6078893444577201
epoch:0 36.99095892906189s

train loss:0.6704661033965729
train acc:0.6076315512041469
valid loss:0.6699977282617913
valid acc:0.6045081967213115
epoch:1 36.94128227233887s

train loss:0.6684827393555379
train acc:0.6065881235913916
valid loss:0.6682557820296678
valid acc:0.6067622951308235
epoch:2 36.991349935531616s

train loss:0.6677142220375302
train acc:0.6054786559972134
valid loss:0.6703254297131398
valid acc:0.6056352459260674
epoch:3 37.14221668243408s

train loss:0.6660457508904594
train acc:0.6063900043021192
valid loss:0.6689599859909933
valid acc:0.6067622951308235
epoch:4 37.09675335884094s

train loss:0.664578514112221
train acc:0.6074598479074437
valid loss:0.6692869423842821
valid acc:0.6090163935403354
epoch:5 36.959115982055664s

train loss:0.664349899842189
train acc:0.607420224082339
valid loss:0.6715338010279859
valid acc:0.605430327966565
epoch:6 36.90464377403259s

train loss:0.6634150452011234
train acc:0.6066013314239271
valid loss:0.6691477494161637
valid acc:0.6063524592118185
epoch:7 37.03946137428284s

train loss:0.661922523362951
train acc:0.6084900676876634
valid loss:0.6749282791966298
valid acc:0.6072745902127907
epoch:8 36.95566415786743s

train loss:0.6606824967887376
train acc:0.6102863483049057
valid loss:0.6708504652879277
valid acc:0.6052254098849218
epoch:9 36.37328505516052s

train loss:0.6587586147444588
train acc:0.6088863060205847
valid loss:0.6713554600223166
valid acc:0.6044057378026305
epoch:10 37.27199840545654s

train loss:0.6574815708202321
train acc:0.6150940406125981
valid loss:0.6760097446500278
valid acc:0.6069672132124666
epoch:11 37.41904973983765s

train loss:0.6560359520244075
train acc:0.6079353339724488
valid loss:0.6742013448574504
valid acc:0.5992827869829584
epoch:12 37.3802216053009s

train loss:0.6552707770696053
train acc:0.6106825867197015
valid loss:0.6774148701644335
valid acc:0.5989754098604937
epoch:13 37.416407346725464s

train loss:0.6531081012153364
train acc:0.6143279797755755
valid loss:0.6704806714761452
valid acc:0.6044057378026305
epoch:14 37.4538254737854s

train loss:0.649471544957423
train acc:0.6145921387187727
valid loss:0.6777045643720471
valid acc:0.6013319673108273
epoch:15 37.09387922286987s

train loss:0.6473892447385159
train acc:0.6208527050503008
valid loss:0.6749862139342261
valid acc:0.6032786887200152
epoch:16 36.81682467460632s

train loss:0.6441221519649684
train acc:0.6146845942833922
valid loss:0.6788194697411334
valid acc:0.6036885246390202
epoch:17 36.682650327682495s

train loss:0.6398342074109957
train acc:0.6196904057984823
valid loss:0.7083229144088558
valid acc:0.5853483608511628
epoch:18 37.26508164405823s

train loss:0.6420740731633626
train acc:0.6143279797755755
valid loss:0.6919254523808839
valid acc:0.563627049204756
epoch:19 37.03191614151001s

train loss:0.6371358172906624
train acc:0.627377430325026
valid loss:0.6912819752927686
valid acc:0.5883196721800038
epoch:20 36.13584041595459s

train loss:0.6342641422218018
train acc:0.6289227599953557
valid loss:0.6915551104017945
valid acc:0.5878073770980365
epoch:21 37.10192251205444s

train loss:0.6297873501757999
train acc:0.6330436391162348
valid loss:0.6954679440279476
valid acc:0.5693647541472169
epoch:22 37.17596650123596s

train loss:0.6189023873635701
train acc:0.6380230347206305
valid loss:0.7032652145526448
valid acc:0.5735655739659169
epoch:23 37.373425006866455s

train loss:0.6240262520182264
train acc:0.6351965343231684
valid loss:0.7005206292769948
valid acc:0.5832991805232939
epoch:24 37.27881717681885s

test loss:0.7264643370128069
test acc:0.5797131149495234