train loss:0.6711405109573196
train acc:0.6076438924768469
valid loss:0.6695818112742516
valid acc:0.609206989888222
epoch:0 47.2179696559906s

train loss:0.6695904646600995
train acc:0.6075932259088034
valid loss:0.6709617164827162
valid acc:0.604046659123513
epoch:1 47.31780958175659s

train loss:0.6705446164686601
train acc:0.6077902624895285
valid loss:0.6671657004664021
valid acc:0.6102390558488907
epoch:2 47.3099205493927s

train loss:0.6695212079928472
train acc:0.6067515984996334
valid loss:0.670314125476345
valid acc:0.6112711218095594
epoch:3 47.294206619262695s

train loss:0.6702808122058491
train acc:0.6072667083897434
valid loss:0.6691015458876087
valid acc:0.609206989888222
epoch:4 47.31205105781555s

train loss:0.6730019823535458
train acc:0.60761011498315
valid loss:0.6705949748716047
valid acc:0.6050787250841817
epoch:5 47.21101665496826s

train loss:0.6698116705967829
train acc:0.6075932259088034
valid loss:0.6691750134191206
valid acc:0.6071428579668845
epoch:6 47.190189838409424s

train loss:0.6685001509530204
train acc:0.6076607815511934
valid loss:0.6683746826264166
valid acc:0.6071428579668845
epoch:7 47.187280893325806s

train loss:0.6679809958070189
train acc:0.6076523366865221
valid loss:0.6675449513619945
valid acc:0.6071428579668845
epoch:8 47.2055401802063s

train loss:0.6675663145033868
train acc:0.6077987073541997
valid loss:0.6677717008898335
valid acc:0.6107430881069552
epoch:9 47.19804668426514s

train loss:0.6680996804446965
train acc:0.6081167806635847
valid loss:0.6685933970635937
valid acc:0.604046659123513
epoch:10 47.20256471633911s

train loss:0.6676306809697833
train acc:0.6077480407861563
valid loss:0.6636185319192948
valid acc:0.6138392859889615
epoch:11 47.171608686447144s

train loss:0.6657147414081699
train acc:0.6076354482671716
valid loss:0.6644546351125163
valid acc:0.6112711218095594
epoch:12 47.16343426704407s

train loss:0.6661274878533332
train acc:0.6100055169273209
valid loss:0.6680819546022723
valid acc:0.6081749239275532
epoch:13 47.17911505699158s

train loss:0.6643135567287822
train acc:0.6091723337278261
valid loss:0.6667874186269699
valid acc:0.6081749239275532
epoch:14 47.181262254714966s

train loss:0.663658911055261
train acc:0.6051724913356068
valid loss:0.66588939966694
valid acc:0.6067588329315186
epoch:15 47.194512367248535s

train loss:0.662294328212738
train acc:0.6120912897717822
valid loss:0.672129056146068
valid acc:0.6015745016836351
epoch:16 47.18872356414795s

train loss:0.6633750442620162
train acc:0.6090006304311228
valid loss:0.6685204140601619
valid acc:0.6015985031281749
epoch:17 47.210676193237305s

train loss:0.6616383601020981
train acc:0.6105121819527595
valid loss:0.6692602519066103
valid acc:0.6025825661997641
epoch:18 47.151740312576294s

train loss:0.6618355971116286
train acc:0.6137661003804469
valid loss:0.6749629301409568
valid acc:0.585397465575126
epoch:19 47.13987874984741s

train loss:0.6632480058041248
train acc:0.6110526251268911
valid loss:0.6681599367049432
valid acc:0.6092789942218412
epoch:20 47.15042543411255s

train loss:0.6598117187782958
train acc:0.6117816606720725
valid loss:0.668325662612915
valid acc:0.6041426658630371
epoch:21 47.146180391311646s

train loss:0.658953886110704
train acc:0.6160489098056332
valid loss:0.6719506690579076
valid acc:0.5880376350495123
epoch:22 47.13475060462952s

train loss:0.657129799926674
train acc:0.6190269766273079
valid loss:0.6752081763359808
valid acc:0.6016945089063337
epoch:23 47.15257406234741s

train loss:0.6558668416935008
train acc:0.619156457565643
valid loss:0.6763222852060872
valid acc:0.6010464670196656
epoch:24 47.133569955825806s

test loss:0.6801876521879627
test acc:0.6093029956663808